<?xml version="1.0" encoding="UTF-8"?>
<testsuite xmlns:xsi="http://www.w3.org/2001/XMLSchema-instance" xsi:noNamespaceSchemaLocation="https://maven.apache.org/surefire/maven-surefire-plugin/xsd/surefire-test-report.xsd" name="nl.rug.oop.helloWorld.MainTest" time="0.005" tests="1" errors="1" skipped="0" failures="0">
  <properties>
[...]
</properties>
  <testcase name="nl.rug.oop.helloWorld.MainTest" classname="nl.rug.oop.helloWorld.MainTest" time="0.005">
    <error message="Unresolved compilation problem: &#10;" type="java.lang.Error">java.lang.Error: 
Unresolved compilation problem: 

	at nl.rug.oop.helloWorld.MainTest.setUpResources(MainTest.java:62)
</error>
  </testcase>
</testsuite>